1 1 1
2 2 3
3 3 9
4 4 25
5 5 37
6 5 43
7 5 60
8 5 82
9 5 82
10 5 103
11 5 127
12 5 154
13 5 184
14 5 213
15 5 243
16 5 281
17 5 317
18 5 368
19 5 402
20 5 450
21 5 503
22 5 557
23 5 600
24 5 658
25 5 707
26 5 778
27 5 856
28 5 909
29 5 1008
30 5 1051
31 5 1120
32 5 1200
33 5 1275
34 5 1363
35 5 1441
36 5 1541
37 5 1646
38 5 1724
39 5 1824
40 5 1906
41 5 2020
42 5 2162
43 5 2276
44 5 2381
45 5 2449
46 5 2567
47 5 2648
48 5 2743
49 5 2903
50 5 3079
51 5 3272
52 5 3356
53 5 3432
54 5 3493
55 5 3637
56 5 3846
57 5 3935
58 5 4121
59 5 4245
60 5 4363
61 5 4517
62 5 4672
63 5 4885
64 5 5047
65 5 5104
66 5 5271
67 5 5466
68 5 5617
69 5 5679
70 5 5929
71 5 6019
72 5 6213
73 5 6457
74 5 6597
75 5 6899
76 5 7013
77 5 7084
78 5 7342
79 5 7588
80 5 7754
81 5 7938
82 5 8112
83 5 8660
84 5 8708
85 5 9032
86 5 9374
87 5 9490
88 5 9856
89 5 9910
90 5 10215
91 5 10142
92 5 10261
93 5 10495
94 5 10574
95 5 11014
96 5 11205
97 5 11538
98 5 11681
99 5 11984
100 5 12229
101 5 12397
102 5 12681
103 5 12955
104 5 13155
105 5 13404
106 5 13724
107 5 13955
108 5 14198
109 5 14455
110 5 14754
111 5 15118
112 5 15270
113 5 15526
114 5 15851
115 5 16174
116 5 16408
117 5 16705
118 5 17045
119 5 17300
120 5 17702
121 5 17850
122 5 18079
123 5 18339
124 5 18611
125 5 19073
126 5 19356
127 5 19744
128 5 19825
129 5 20120
130 5 20523
131 5 21013
132 5 21263
133 5 21521
134 5 21852
135 5 22230
136 5 22468
137 5 22847
138 5 23166
139 5 23492
140 5 23753
141 5 24219
142 5 24539
143 5 24724
144 5 25394
145 5 25486
146 5 25854
147 5 26406
148 5 26606
149 5 26953
150 5 27507
151 5 27723
152 5 28367
153 5 28486
154 5 29113
155 5 29418
156 5 29774
157 5 29971
158 5 30454
159 5 30734
160 5 31208
161 5 31493
162 5 32023
163 5 32459
164 5 32784
165 5 33111
166 5 33670
167 5 34012
168 5 34553
169 5 34800
170 5 35404
171 5 35970
172 5 36317
173 5 36647
174 5 36975
175 5 37596
176 5 37787
177 5 38445
178 5 38705
179 5 39249
180 5 39655
181 5 40091
182 5 40594
183 5 40985
184 5 41616
185 5 42048
186 5 42313
187 5 42519
188 5 43341
189 5 43782
190 5 44244
191 5 44517
192 5 44749
193 5 45607
194 5 45936
195 5 46350
196 5 46785
197 5 47179
198 5 48015
199 5 48409
200 5 48790
201 5 49399
202 5 50237
203 5 51361
204 5 52084
205 5 51551
206 5 52440
207 5 52444
208 5 53188
209 5 53322
210 5 54519
211 5 54487
212 5 55200
213 5 55817
214 5 56584
215 5 56265
216 5 57379
217 5 57591
218 5 58206
219 5 58745
220 5 59073
221 5 60053
222 5 60457
223 5 60599
224 5 61551
225 5 61911
226 5 62300
227 5 63205
228 5 64075
229 5 64511
230 5 65806
231 5 66026
232 5 66279
233 5 66573
234 5 68518
235 5 68019
236 5 68113
237 5 69202
238 5 69988
239 5 70819
240 5 71493
241 5 71349
242 5 72509
243 5 73392
244 5 74080
245 5 74048
246 5 74642
247 5 75305
248 5 77634
249 5 77523
250 5 76480
251 5 78223
252 5 78799
253 5 79021
254 5 79711
255 5 81002
256 5 81480
257 5 82338
258 5 83543
259 5 82988
260 5 84431
261 5 85402
262 5 85732
263 5 86046
264 5 85224
265 5 86244
266 5 86964
267 5 87544
268 5 88044
269 5 88591
270 5 90776
271 5 92209
272 5 92186
273 5 92575
274 5 94427
275 5 93720
276 5 93394
277 5 93877
278 5 94864
279 5 95213
280 5 96298
281 5 96620
282 5 97300
283 5 98373
284 5 98894
285 5 99697
286 5 100225
287 5 100523
288 5 101938
289 5 102278
290 5 103529
291 5 103878
292 5 104294
293 5 107999
294 5 107068
295 5 107896
296 5 111502
297 5 112616
298 5 110386
299 5 111256
300 5 111892
301 5 110681
302 5 112130
303 5 113786
304 5 114091
305 5 114627
306 5 115201
307 5 116050
308 5 116892
309 5 117017
310 5 117986
311 5 119724
312 5 120047
313 5 121014
314 5 121989
315 5 124395
316 5 125420
317 5 124985
318 5 127682
319 5 128633
320 5 129984
321 5 133078
322 5 132216
323 5 130360
324 5 132042
325 5 130790
326 5 131021
327 5 132014
328 5 132847
329 5 134153
330 5 134926
331 5 135366
332 5 135886
333 5 136858
334 5 137541
335 5 139031
336 5 139422
337 5 140764
338 5 142108
339 5 141843
340 5 142381
341 5 143270
342 5 144463
343 5 145227
344 5 146271
345 5 146803
346 5 148003
347 5 150443
348 5 152361
349 5 152993
350 5 152044
351 5 151940
352 5 153634
353 5 155422
354 5 157933
355 5 159366
356 5 159524
357 5 161002
358 5 161865
359 5 161640
360 5 162618
361 5 162807
362 5 163486
363 5 164667
364 5 165312
365 5 166906
366 5 167893
367 5 168159
368 5 169070
369 5 170022
370 5 170717
371 5 171010
372 5 172384
373 5 172208
374 5 174131
375 5 174109
376 5 176703
377 5 177959
378 5 177404
379 5 178173
380 5 180151
381 5 180103
382 5 185607
383 5 186885
384 5 184504
385 5 186764
386 5 186552
387 5 190637
388 5 189981
389 5 194799
390 5 192797
391 5 194003
392 5 195565
393 5 195076
394 5 195576
395 5 196337
396 5 198624
397 5 200799
398 5 202352
399 5 203773
400 5 204965
401 5 202398
402 5 205651
403 5 206239
404 5 209453
405 5 204878
406 5 203016
407 5 203738
408 5 204711
409 5 206447
410 5 207469
411 5 207424
412 5 209833
413 5 210134
414 5 211025
415 5 211584
416 5 212473
417 5 214700
418 5 215011
419 5 216390
420 5 216763
421 5 218568
422 5 223685
423 5 225923
424 5 224583
425 5 227328
426 5 226516
427 5 228041
428 5 229523
429 5 229979
430 5 229000
431 5 231189
432 5 233837
433 5 235928
434 5 235696
435 5 238248
436 5 235433
437 5 237059
438 5 237887
439 5 239160
440 5 240423
441 5 239895
442 5 241715
443 5 241702
444 5 245355
445 5 250262
446 5 245600
447 5 247154
448 5 247038
449 5 248516
450 5 246941
451 5 249046
452 5 251855
453 5 253070
454 5 253407
455 5 254462
456 5 256330
457 5 256579
458 5 258115
459 5 258439
460 5 260252
461 5 262016
462 5 262427
463 5 264748
464 5 264613
465 5 265608
466 5 266653
467 5 270200
468 5 268388
469 5 271124
470 5 272644
471 5 272846
472 5 275635
473 5 274817
474 5 277156
475 5 279585
476 5 280301
477 5 281758
478 5 280687
479 5 281663
480 5 284574
481 5 288289
482 5 292759
483 5 289402
484 5 289203
485 5 287862
486 5 292024
487 5 291593
488 5 295212
489 5 293352
490 5 294210
491 5 296296
492 5 298540
493 5 299176
494 5 300878
495 5 301252
496 5 302919
497 5 302994
498 5 305094
499 5 306589
500 5 308674
501 5 309376
502 5 310683
503 5 310371
504 5 312579
505 5 313805
506 5 316697
507 5 316088
508 5 320640
509 5 318597
510 5 321572
511 5 322335
512 5 325275
513 5 322936
514 5 326989
515 5 326599
516 5 327639
517 5 329160
518 5 330680
519 5 332035
520 5 333117
521 5 336525
522 5 336540
523 5 338373
524 5 336540
525 5 338692
526 5 339485
527 5 342848
528 5 345131
529 5 342499
530 5 346074
531 5 354734
532 5 359718
533 5 352702
534 5 355132
535 5 358340
536 5 361922
537 5 358461
538 5 358787
539 5 358148
540 5 362123
541 5 363662
542 5 363897
543 5 363559
544 5 363484
545 5 365643
546 5 372055
547 5 372950
548 5 369838
549 5 377923
550 5 379466
551 5 380359
552 5 380876
553 5 380656
554 5 379906
555 5 380280
556 5 381037
557 5 384718
558 5 386584
559 5 387238
560 5 390294
561 5 390512
562 5 395481
563 5 393118
564 5 395640
565 5 397800
566 5 399738
567 5 400095
568 5 398218
569 5 403813
570 5 404462
571 5 408901
572 5 420380
573 5 406848
574 5 413421
575 5 410529
576 5 414590
577 5 415475
578 5 416804
579 5 418747
580 5 420734
581 5 421363
582 5 423987
583 5 416587
584 5 429257
585 5 428807
586 5 428902
587 5 428073
588 5 429076
589 5 433282
590 5 435766
591 5 431462
592 5 437336
593 5 440784
594 5 441835
595 5 437413
596 5 442614
597 5 443122
598 5 442850
599 5 446794
600 5 453677
601 5 446980
602 5 452748
603 5 452225
604 5 451800
605 5 461111
606 5 451278
607 5 457635
608 5 460193
609 5 460685
610 5 459553
611 5 466230
612 5 473310
613 5 465719
614 5 469691
615 5 474873
616 5 475651
617 5 477055
618 5 477992
619 5 474509
620 5 476870
621 5 476245
622 5 479574
623 5 484207
624 5 486749
625 5 491407
626 5 494711
627 5 484321
628 5 488031
629 5 496303
630 5 492280
631 5 500970
632 5 498516
633 5 502728
634 5 503269
635 5 501336
636 5 505047
637 5 508037
638 5 508675
639 5 512619
640 5 511578
641 5 516144
642 5 511964
643 5 515481
644 5 521183
645 5 516410
646 5 520033
647 5 519476
648 5 520876
649 5 523660
650 5 526126
651 5 524063
652 5 522734
653 5 533552
654 5 528868
655 5 526880
656 5 528092
657 5 533781
658 5 530600
659 5 537946
660 5 536231
661 5 541194
662 5 541636
663 5 543975
664 5 546787
665 5 545844
666 5 546459
667 5 546812
668 5 551296
669 5 550704
670 5 554439
671 5 559548
672 5 560217
673 5 562056
674 5 558046
675 5 558059
676 5 563065
677 5 579514
678 5 568681
679 5 565896
680 5 573240
681 5 566401
682 5 569718
683 5 580758
684 5 577269
685 5 580712
686 5 584545
687 5 591125
688 5 587922
689 5 588745
690 5 588625
691 5 589462
692 5 589533
693 5 588898
694 5 593105
695 5 598527
696 5 600107
697 5 596752
698 5 608821
699 5 606199
700 5 602755
701 5 610353
702 5 617807
703 5 620033
704 5 615761
705 5 616126
706 5 620276
707 5 610649
708 5 624437
709 5 621913
710 5 620902
711 5 630408
712 5 633353
713 5 632968
714 5 631788
715 5 634810
716 5 637629
717 5 635050
718 5 637905
719 5 644047
720 5 646439
721 5 642150
722 5 643766
723 5 651148
724 5 651118
725 5 652561
726 5 650498
727 5 653187
728 5 655336
729 5 658056
730 5 658985
731 5 662686
732 5 670077
733 5 665552
734 5 668654
735 5 669776
736 5 675505
737 5 671884
738 5 674418
739 5 679096
740 5 680648
741 5 676548
742 5 683115
743 5 681216
744 5 682547
745 5 684088
746 5 688878
747 5 693783
748 5 701482
749 5 698963
750 5 701489
751 5 701507
752 5 711940
753 5 709684
754 5 696663
755 5 699650
756 5 710951
757 5 719268
758 5 707772
759 5 710017
760 5 715562
761 5 715687
762 5 714775
763 5 718884
764 5 717765
765 5 720373
766 5 724528
767 5 741076
768 5 729337
769 5 729690
770 5 737797
771 5 751055
772 5 741747
773 5 743639
774 5 737012
775 5 742874
776 5 756275
777 5 756853
778 5 754486
779 5 751295
780 5 748333
781 5 753836
782 5 754903
783 5 758587
784 5 762280
785 5 763442
786 5 759059
787 5 766529
788 5 769156
789 5 770706
790 5 770336
791 5 768244
792 5 774427
793 5 775909
794 5 772883
795 5 778837
796 5 788132
797 5 790126
