50 1 635
50 2 1240
50 3 1870
50 4 2497
50 5 3086
50 6 3705
50 7 4355
50 8 4970
50 9 5795
50 10 6247
50 11 6820
50 12 7407
50 13 8049
50 14 8725
50 15 9206
50 16 9932
50 17 10603
50 18 11219
50 19 11739
50 20 12304
50 21 13092
50 22 13708
50 23 14157
50 24 14826
50 25 15757
50 26 16033
50 27 16716
50 28 17620
50 29 17853
50 30 18696
50 31 19166
50 32 19695
50 33 20261
50 34 21364
50 35 21824
50 36 22209
50 37 23220
50 38 23751
50 39 24037
50 40 24826
50 41 25599
50 42 25872
50 43 26434
50 44 27312
50 45 28131
50 46 28418
50 47 29330
50 48 29838
50 49 30464
50 50 31088
50 50 31095
50 50 30928
50 50 30897
50 50 31102
50 50 31225
50 50 31132
50 50 30902
50 50 30861
50 50 30796
50 50 30812
50 50 30923
50 50 30933
50 50 30800
50 50 30901
50 50 30875
50 50 31027
50 50 30978
50 50 30854
50 50 30909
50 50 30861
50 50 30907
50 50 30778
50 50 31064
50 50 30749
50 50 30868
50 50 30833
50 50 30868
50 50 30904
50 50 30775
50 50 30732
50 50 30779
50 50 30827
50 50 30881
50 50 30888
50 50 30791
50 50 30843
50 50 30844
50 50 30810
50 50 30805
50 50 30782
50 50 30843
50 50 30838
50 50 30762
50 50 30894
50 50 30929
50 50 30735
50 50 30845
50 50 30832
50 50 30868
50 50 30843
50 50 30832
50 50 30859
50 50 30853
50 50 30894
50 50 30953
50 50 30836
50 50 30920
50 50 30928
50 50 30780
50 50 30829
50 50 30894
50 50 30944
50 50 30866
50 50 30817
50 50 30762
50 50 30842
50 50 30846
50 50 30744
50 50 30774
50 50 30920
50 50 30885
50 50 30776
50 50 30823
50 50 30855
50 50 30873
50 50 30876
50 50 30821
50 50 30845
50 50 30799
50 50 30842
50 50 30842
50 50 30858
50 50 30806
50 50 30840
50 50 30689
50 50 30742
50 50 30661
50 50 30840
50 50 30701
50 50 30726
50 50 30718
50 50 30709
50 50 30846
50 50 30852
50 50 30728
50 50 30855
50 50 30911
50 50 30819
50 50 30852
50 50 31502
50 50 31554
50 50 31074
50 50 30771
50 50 30935
50 50 30927
50 50 30789
50 50 30868
50 50 30947
50 50 30893
50 50 30851
50 50 30766
50 50 30781
50 50 30846
50 50 30803
50 50 30935
50 50 30823
50 50 30839
50 50 30715
50 50 30832
50 50 30668
50 50 30842
50 50 30895
50 50 30894
50 50 30840
50 50 30834
50 50 30899
50 50 30773
50 50 30784
50 50 30756
50 50 30785
50 50 30984
50 50 31921
50 50 31894
50 50 31205
50 50 31269
50 50 31236
50 50 31581
50 50 31935
50 50 30962
50 50 30834
50 50 30780
50 50 30961
50 50 31082
50 50 30911
50 50 31135
50 50 31062
50 50 31063
50 50 31028
50 50 31305
50 50 31069
50 50 31228
50 50 31258
50 50 31199
50 50 31208
50 50 31322
50 50 31168
50 50 30865
50 50 30978
50 50 31338
50 50 31656
50 50 31395
50 50 31330
50 50 31385
50 50 32089
50 50 31428
50 50 31376
50 50 31321
50 50 31322
50 50 31182
50 50 31457
50 50 31787
50 50 31899
50 50 31552
50 50 32149
50 50 32011
50 50 31664
50 50 31833
50 50 31279
50 50 31178
50 50 31238
50 50 31262
50 50 31468
50 50 31506
50 50 31643
50 50 31761
50 50 31372
50 50 31070
50 50 31409
50 50 31272
50 50 31053
50 50 31047
50 50 30959
50 50 31107
50 50 31125
50 50 31051
50 50 31794
50 50 31653
50 50 31518
50 50 31187
50 50 31324
50 50 31669
50 50 31040
50 50 31480
50 50 31445
50 50 31297
50 50 31439
50 50 31248
50 50 31518
50 50 31140
50 50 31808
50 50 30949
50 50 31041
50 50 31182
50 50 31174
50 50 31343
50 50 31092
50 50 31037
50 50 31123
50 50 31119
50 50 31529
50 50 31389
50 50 31700
50 50 31399
50 50 31221
50 50 31309
50 50 31498
50 50 31248
50 50 31839
50 50 32312
50 50 31228
50 50 31068
50 50 32173
50 50 32196
50 50 31745
50 50 31650
50 50 31586
50 50 31779
50 50 31804
50 50 31433
50 50 31415
50 50 31676
50 50 31449
50 50 31430
50 50 31388
50 50 31433
50 50 31395
50 50 31657
50 50 31389
50 50 31477
50 50 31626
50 50 31666
50 50 30953
50 50 30835
50 50 31104
50 50 31504
50 50 31577
50 50 31513
50 50 31112
50 50 30819
50 50 31401
50 50 31558
50 50 31461
50 50 31390
50 50 31423
50 50 31424
50 50 31625
50 50 31426
50 50 31400
50 50 31459
50 50 31496
50 50 31506
50 50 31271
50 50 31724
50 50 31569
50 50 31241
50 50 31075
50 50 31124
50 50 30771
50 50 30506
50 50 30520
50 50 30403
50 50 30544
50 50 30347
50 50 30593
50 50 30601
50 50 30543
50 50 30466
50 50 30642
50 50 30492
50 50 30478
50 50 30398
50 50 30592
50 50 30570
50 50 30530
50 50 30467
50 50 30477
50 50 30466
50 50 30480
50 50 30343
50 50 30491
50 50 30506
50 50 30355
50 50 30384
50 50 30526
50 50 30546
50 50 30513
50 50 30350
50 50 30459
50 50 30494
50 50 30435
50 50 30438
50 50 30442
50 50 30556
50 50 30436
50 50 30369
50 50 30426
50 50 30457
50 50 30415
50 50 30434
50 50 30440
50 50 30513
50 50 30492
50 50 30487
50 50 30475
50 50 30697
50 50 30573
50 50 30345
50 50 30424
50 50 30530
50 50 30532
50 50 30440
50 50 30517
50 50 30542
50 50 30562
50 50 30418
50 50 30484
50 50 30271
50 50 30522
50 50 30492
50 50 30492
50 50 30441
50 50 30509
50 50 30365
50 50 30506
50 50 30419
50 50 30384
50 50 30454
50 50 30407
50 50 30357
50 50 30352
50 50 30497
50 50 30437
50 50 30399
50 50 30419
50 50 30395
50 50 30366
50 50 30362
50 50 30269
50 50 30416
50 50 30350
50 50 30420
50 50 30412
50 50 30576
50 50 30544
50 50 30568
50 50 30489
50 50 30449
50 50 30300
50 50 30419
50 50 30430
50 50 30360
50 50 30472
50 50 30390
50 50 30372
50 50 30350
50 50 30339
50 50 30452
50 50 30416
50 50 30394
50 50 30443
50 50 30388
50 50 30439
50 50 30424
50 50 30476
50 50 30455
50 50 30413
50 50 30417
50 50 30649
50 50 30526
50 50 30641
50 50 30922
50 50 31336
50 50 31255
50 50 31595
50 50 30774
50 50 30724
50 50 30819
50 50 30442
50 50 31319
50 50 30685
50 50 31104
50 50 31349
50 50 31329
50 50 31780
50 50 31347
50 50 31367
50 50 30976
50 50 30754
50 50 30913
50 50 31423
50 50 31045
50 50 30690
50 50 31109
50 50 31398
50 50 31243
50 50 31291
50 50 30739
50 50 30725
50 50 30874
50 50 30759
50 50 31106
50 50 30717
50 50 31146
50 50 30981
50 50 30967
50 50 30689
50 50 30732
50 50 30987
50 50 30743
50 50 30691
50 50 30831
50 50 30895
50 50 30898
50 50 30874
50 50 31149
50 50 30746
50 50 31281
50 50 31221
50 50 30602
50 50 30889
50 50 30809
50 50 31181
50 50 30693
50 50 30723
50 50 30973
50 50 31406
50 50 30713
50 50 30795
50 50 30893
50 50 30667
50 50 30412
50 50 30715
50 50 30701
50 50 30813
50 50 30610
50 50 30574
50 50 30487
50 50 30559
50 50 30614
50 50 30620
50 50 30626
50 50 30738
50 50 31366
50 50 30992
50 50 31001
50 50 30895
50 50 30622
50 50 31042
50 50 30789
50 50 30896
50 50 30716
50 50 30823
50 50 31332
50 50 30858
50 50 31469
50 50 31104
50 50 30739
50 50 30678
50 50 30565
50 50 30674
50 50 31361
50 50 31395
50 50 31354
50 50 30889
50 50 30686
50 50 30765
50 50 30658
50 50 30552
50 50 31148
50 50 31583
50 50 31342
50 50 31100
50 50 30696
50 50 30600
50 50 30912
50 50 30525
50 50 30668
50 50 30494
50 50 30540
50 50 30530
50 50 30581
50 50 30544
50 50 30501
50 50 30554
50 50 30502
50 50 30560
50 50 30568
50 50 30578
50 50 30540
50 50 30676
50 50 30588
50 50 30535
50 50 30555
50 50 30577
50 50 30646
50 50 30510
50 50 30649
50 50 30605
50 50 30649
50 50 30655
50 50 30624
50 50 30648
50 50 30408
50 50 30658
50 50 30496
50 50 30606
50 50 30569
50 50 30582
50 50 30466
50 50 30522
50 50 30539
50 50 30557
50 50 30506
50 50 30640
50 50 30604
50 50 30542
50 50 30477
50 50 30574
50 50 30573
50 50 30498
50 50 30669
50 50 30581
50 50 30578
50 50 30430
50 50 30466
50 50 30390
50 50 30538
50 50 30543
50 50 30564
50 50 30498
50 50 30492
50 50 30490
50 50 30502
50 50 30557
50 50 30596
50 50 30586
50 50 30534
50 50 30520
50 50 30646
50 50 30486
50 50 30532
50 50 30500
50 50 30474
50 50 31005
50 50 30742
50 50 31143
50 50 31756
50 50 31036
50 50 30788
50 50 30754
50 50 30945
50 50 31730
50 50 31524
50 50 30748
50 50 30476
50 50 30367
50 50 30596
50 50 30500
50 50 30449
50 50 30442
50 50 30567
50 50 30523
50 50 30517
50 50 30575
50 50 30464
50 50 30511
50 50 30544
50 50 30559
50 50 30411
50 50 30481
50 50 30439
50 50 30479
50 50 30564
50 50 30447
50 50 30439
50 50 30594
50 50 30492
50 50 30504
50 50 30548
50 50 30508
50 50 30452
50 50 30505
50 50 30493
50 50 30501
50 50 30489
50 50 30396
50 50 30534
50 50 30411
50 50 30492
50 50 30415
50 50 30483
50 50 30414
50 50 30701
50 50 30342
50 50 30457
50 50 30561
50 50 30439
50 50 30393
50 50 30438
50 50 30460
50 50 30447
50 50 30437
50 50 30470
50 50 30361
50 50 30468
50 50 30482
50 50 30548
50 50 30417
50 50 30485
50 50 30503
50 50 30394
50 50 30425
50 50 30534
50 50 30456
50 50 30495
50 50 30313
50 50 30476
50 50 30580
50 50 30473
50 50 30385
50 50 30404
50 50 30369
50 50 30384
50 50 30422
50 50 30379
50 50 30419
50 50 30428
50 50 30461
50 50 30425
50 50 30518
50 50 30453
50 50 30566
50 50 30498
50 50 30352
50 50 30455
50 50 30363
50 50 30410
50 50 30354
50 50 30847
50 50 30912
50 50 30368
50 50 30340
50 50 30387
50 50 30375
50 50 30390
50 50 30475
50 50 30436
50 50 30325
50 50 30443
50 50 30404
50 50 30460
50 50 30553
50 50 30399
50 50 30459
50 50 30370
50 50 30429
50 50 30601
50 50 30428
50 50 30443
50 50 30494
50 50 30382
50 50 30427
50 50 30495
50 50 30394
50 50 30477
50 50 30427
50 50 30487
50 50 30491
50 50 30445
50 50 30483
50 50 30497
50 50 30966
50 50 30366
50 50 30368
50 50 30436
50 50 30427
50 50 30437
50 50 30392
50 50 30577
50 50 30438
50 50 30564
50 50 30344
50 50 30565
50 50 30546
50 50 30452
50 50 30443
50 50 30428
50 50 30444
50 50 30464
50 50 30454
50 50 30450
50 50 30544
50 50 30479
50 50 30465
50 50 30343
50 50 30454
50 50 30594
50 50 30481
50 50 30457
50 50 30572
50 50 30437
50 50 30447
50 50 30388
50 50 30434
50 50 30537
50 50 30552
50 50 30327
50 50 30454
50 50 30490
50 50 30453
50 50 30619
50 50 30422
50 50 30418
50 50 30466
50 50 30362
50 50 30494
50 50 30478
50 50 30391
50 50 30465
50 50 30430
50 50 30448
50 50 30350
50 50 30531
50 50 30424
50 50 30473
50 50 30404
50 50 30561
50 50 30469
50 50 30486
50 50 30475
50 50 30472
50 50 30546
50 50 30438
50 50 30470
50 50 30422
50 50 30718
50 50 30422
50 50 30479
50 50 30500
50 50 30412
50 50 30539
50 50 30615
50 50 30495
50 50 30524
50 50 30435
50 50 30445
50 50 30385
50 50 30532
50 50 30626
50 50 30628
50 50 30445
50 50 30507
50 50 30453
50 50 30438
50 50 30473
50 50 30539
50 50 30432
50 50 30399
50 50 30537
50 50 30483
50 50 30372
50 50 30448
50 50 30405
50 50 30562
50 50 30516
50 50 30449
50 50 30579
50 50 30420
50 50 30486
50 50 30529
50 50 30459
50 50 30485
50 50 30478
50 50 30490
50 50 30625
50 50 30425
50 50 30631
50 50 30406
50 50 30443
50 50 30471
50 50 30464
50 50 30511
50 50 30421
50 50 30524
50 50 30558
50 50 30515
50 50 30358
50 50 30550
50 50 30488
50 50 30874
50 50 30428
50 50 30634
50 50 30541
50 50 30602
50 50 30450
50 50 30524
50 50 30436
50 50 30586
50 50 30487
50 50 30442
50 50 30479
50 50 30586
50 50 30495
50 50 30424
50 50 30571
50 50 30413
50 50 30634
50 50 30496
50 50 30445
50 50 30452
50 50 30454
50 50 30440
50 50 30503
50 50 30507
50 50 30767
50 50 30555
50 50 30520
50 50 30480
50 50 30567
50 50 30406
50 50 30479
50 50 30548
50 50 30608
50 50 30616
50 50 30484
50 50 30519
50 50 30653
50 50 30625
50 50 30702
50 50 30558
50 50 30422
50 50 30589
50 50 30496
50 50 30485
50 50 30462
50 50 30548
50 50 30564
50 50 30488
50 50 30471
50 50 30553
50 50 30523
50 50 30578
50 50 30500
50 50 30486
50 50 30639
50 50 30434
50 50 30466
50 50 30419
50 50 30635
50 50 30557
50 50 30566
50 50 30593
50 50 30593
50 50 30647
50 50 30517
50 50 30576
50 50 30652
50 50 30501
50 50 30659
50 50 30466
50 50 30611
50 50 30536
50 50 30586
50 50 31139
50 50 31223
50 50 31142
50 50 31076
50 50 31175
50 50 31204
50 50 31035
50 50 31121
50 50 31059
50 50 31177
50 50 31086
50 50 31125
50 50 31480
50 50 31239
50 50 30679
50 50 30583
50 50 30513
50 50 30715
50 50 30509
50 50 30498
50 50 30599
50 50 30540
50 50 30585
50 50 30602
50 50 30662
50 50 30560
50 50 30659
50 50 30451
50 50 30534
50 50 30633
50 50 30723
50 50 30624
50 50 30615
50 50 30490
50 50 30509
50 50 30528
50 50 30491
50 50 30450
50 50 30591
50 50 30607
50 50 30506
50 50 30562
50 50 30540
50 50 30625
50 50 30483
50 50 30519
50 50 30515
50 50 30525
50 50 30524
50 50 30541
50 50 30523
50 50 30700
50 50 30569
50 50 30438
50 50 30496
50 50 30576
50 50 30612
50 50 30435
50 50 30507
50 50 30555
50 50 30556
50 50 30434
50 50 30424
50 50 30386
50 50 30639
50 50 30435
50 50 30513
50 50 30515
50 50 30561
50 50 30543
50 50 30519
50 50 30504
50 50 30530
50 50 30558
50 50 30592
50 50 30661
50 50 30535
50 50 30614
50 50 30562
50 50 30730
50 50 30598
50 50 30596
50 50 30474
50 50 30805
50 50 30619
50 50 30482
50 50 30495
50 50 30442
50 50 30365
50 50 30425
50 50 30492
50 50 30536
50 50 30480
50 50 30441
50 50 30372
50 50 30488
50 50 30449
50 50 30529
50 50 30523
50 50 30391
50 50 30506
50 50 30351
50 50 30431
50 50 30419
50 50 30480
50 50 30443
50 50 30480
50 50 30376
50 50 30655
50 50 30434
50 50 30511
50 50 30368
50 50 30353
50 50 30535
50 50 30497
50 50 30409
50 50 30433
50 50 30491
50 50 30397
50 50 30467
50 50 30458
50 50 30534
50 50 30621
50 50 30517
50 50 30492
50 50 30446
50 50 30494
50 50 30414
50 50 30630
50 50 30364
50 50 30421
50 50 30474
50 50 30574
50 50 30428
50 50 30463
50 50 30494
50 50 30461
50 50 30446
50 50 30485
50 50 30450
50 50 30478
50 50 30456
50 50 30548
50 50 30437
50 50 30525
50 50 30427
50 50 30524
50 50 30577
50 50 30345
50 50 30408
50 50 30380
50 50 30434
50 50 30538
50 50 30390
50 50 30371
50 50 30349
50 50 30381
50 50 30490
50 50 30492
50 50 30618
50 50 30490
50 50 30581
50 50 30573
50 50 30502
50 50 30396
50 50 30471
50 50 30367
50 50 30528
50 50 30384
50 50 30445
50 50 30388
50 50 30408
50 50 30454
50 50 30495
50 50 30469
50 50 30470
50 50 30365
50 50 30515
50 50 30432
50 50 30466
50 50 30431
50 50 30462
50 50 30478
50 50 30472
50 50 30485
50 50 30324
50 50 30613
50 50 30508
50 50 30428
50 50 30318
50 50 30665
50 50 30380
50 50 30460
50 50 30502
50 50 30438
50 50 30429
50 50 30439
50 50 30441
50 50 30453
50 50 30460
50 50 30414
50 50 30581
50 50 30411
50 50 30397
50 50 30497
50 50 30521
50 50 30484
50 50 30483
50 50 30457
50 50 30577
50 50 30414
50 50 30513
50 50 30452
50 50 30326
50 50 30501
50 50 30507
50 50 30485
50 50 30417
50 50 30387
50 50 30495
50 50 30490
50 50 30449
50 50 30420
50 50 30425
50 50 30450
50 50 30489
50 50 30606
50 50 30456
50 50 30470
50 50 30472
50 50 30476
50 50 30432
50 50 30428
50 50 30652
50 50 30483
50 50 30488
50 50 30455
50 50 30527
50 50 30359
50 50 30422
50 50 30539
50 50 30535
50 50 30486
50 50 30416
50 50 30531
50 50 30442
50 50 30478
50 50 30359
50 50 30430
50 50 30467
50 50 30447
50 50 30485
50 50 30403
50 50 30420
50 50 30395
50 50 30433
50 50 30482
50 50 30361
50 50 30388
50 50 30424
50 50 30500
50 50 30483
50 50 30444
50 50 30493
50 50 30409
50 50 30691
50 50 30540
50 50 30445
50 50 30486
50 50 30476
50 50 30352
50 50 30459
50 50 30536
50 50 30406
50 50 30466
50 50 30431
50 50 30359
50 50 30431
50 50 30474
50 50 30354
50 50 30572
50 50 30392
50 50 30490
50 50 30380
50 50 30457
50 50 30482
50 50 30452
50 50 30384
50 50 30473
50 50 30357
50 50 30580
50 50 30450
50 50 30616
50 50 30473
50 50 30414
50 50 30429
50 50 30413
50 50 30387
50 50 30450
50 50 30433
50 50 30473
50 50 30562
50 50 30386
50 50 30457
50 50 30381
50 50 30785
50 50 30501
50 50 30546
50 50 30449
50 50 30413
50 50 30435
50 50 30534
50 50 30460
50 50 30425
50 50 30408
50 50 30411
50 50 30421
50 50 30450
50 50 30392
50 50 30627
50 50 30529
50 50 30412
50 50 30489
50 50 30459
50 50 30528
50 50 30436
50 50 30373
50 50 30430
50 50 30465
50 50 30366
50 50 30412
50 50 30474
50 50 30536
50 50 30499
50 50 30578
50 50 30387
50 50 30464
50 50 30431
50 50 30457
50 50 30496
50 50 30430
50 50 30529
50 50 30460
50 50 30437
50 50 30743
50 50 30522
50 50 30477
50 50 30584
50 50 30471
50 50 30475
50 50 30449
50 50 30485
50 50 30442
50 50 30430
50 50 30519
50 50 30465
50 50 30507
50 50 30629
50 50 30686
50 50 30451
50 50 30487
50 50 30524
50 50 30447
50 50 30440
50 50 30579
50 50 30510
50 50 30616
50 50 30414
50 50 30529
50 50 30451
50 50 30633
50 50 30514
50 50 30437
50 50 30457
50 50 30477
50 50 30362
50 50 30521
50 50 30469
50 50 30492
50 50 30519
50 50 30492
50 50 30561
50 50 30513
50 50 30686
50 50 30409
50 50 30405
50 50 30498
50 50 30438
50 50 30431
50 50 30456
50 50 30466
50 50 30507
50 50 30388
50 50 30410
50 50 30446
50 50 30507
50 50 30454
50 50 30527
50 50 30627
50 50 30467
50 50 30527
50 50 30492
50 50 30447
50 50 30472
50 50 30516
50 50 30463
50 50 31393
50 50 30913
50 50 30467
50 50 30455
50 50 30675
50 50 30569
50 50 30564
50 50 30476
50 50 30674
50 50 30550
50 50 30381
50 50 30533
50 50 30547
50 50 30570
50 50 30474
50 50 30536
50 50 30496
50 50 30699
50 50 30557
50 50 30446
50 50 30487
50 50 30423
50 50 30541
50 50 30500
50 50 30434
50 50 30413
50 50 30507
50 50 30476
50 50 30492
50 50 30562
50 50 30516
50 50 30893
50 50 30451
50 50 30387
50 50 30482
50 50 30524
50 50 30635
50 50 30444
50 50 30451
50 50 30531
50 50 30575
50 50 30491
50 50 30459
50 50 30459
50 50 30432
50 50 30542
50 50 30504
50 50 30436
50 50 30515
50 50 30442
50 50 30555
50 50 30486
50 50 30464
50 50 30623
50 50 30473
50 50 30543
50 50 30748
50 50 30480
50 50 30438
50 50 30507
50 50 30482
50 50 30460
50 50 30486
50 50 30488
50 50 30485
50 50 30495
50 50 30402
50 50 30602
50 50 30424
50 50 30505
50 50 30741
50 50 30405
50 50 30536
50 50 30525
50 50 30467
50 50 30475
50 50 30525
50 50 30400
50 50 30546
50 50 30475
50 50 30489
50 50 30460
50 50 30451
50 50 30475
50 50 30528
50 50 30430
50 50 30545
50 50 30410
50 50 30522
50 50 30505
50 50 30516
50 50 30484
50 50 30422
50 50 30458
50 50 30440
50 50 30712
50 50 30494
50 50 30580
50 50 30433
50 50 30500
50 50 30482
50 50 30463
50 50 30448
50 50 30543
50 50 30568
50 50 30438
50 50 30743
50 50 31366
50 50 31543
50 50 31757
50 50 31929
50 50 31695
50 50 30896
50 50 30668
50 50 30641
50 50 30904
50 50 31560
50 50 31444
50 50 31229
50 50 30999
50 50 30915
50 50 31123
50 50 31233
50 50 31122
50 50 31420
50 50 31424
50 50 31284
50 50 30866
50 50 30722
50 50 31179
50 50 30875
50 50 30872
50 50 30719
50 50 30677
50 50 30702
50 50 30972
50 50 30700
50 50 30515
50 50 30641
50 50 30826
50 50 30690
50 50 30753
50 50 30799
50 50 30500
50 50 30634
50 50 30813
50 50 30941
50 50 30723
50 50 30701
50 50 30685
50 50 30827
50 50 30907
50 50 30996
50 50 30863
50 50 30741
50 50 30751
50 50 30879
50 50 30668
50 50 31022
50 50 31089
50 50 30647
50 50 30531
50 50 30750
50 50 30696
50 50 31308
50 50 31670
50 50 30864
50 50 30642
50 50 30802
50 50 31323
50 50 31254
50 50 30937
50 50 30780
50 50 31057
50 50 30721
50 50 30703
50 50 30798
50 50 30744
50 50 30862
50 50 30942
50 50 30715
50 50 30720
50 50 31055
50 50 30655
50 50 30553
50 50 30686
50 50 30578
50 50 30546
50 50 30552
50 50 30557
50 50 31307
50 50 31649
50 50 30669
50 50 30442
50 50 30477
50 50 30505
50 50 30490
50 50 30596
50 50 30477
50 50 30553
50 50 30491
50 50 30682
50 50 30476
50 50 30451
50 50 30397
50 50 30390
50 50 30416
50 50 31251
50 50 30926
50 50 30843
50 50 30471
50 50 30521
50 50 30894
50 50 30629
50 50 31057
50 50 30737
50 50 30645
50 50 30755
50 50 30638
50 50 30541
50 50 30535
50 50 30624
50 50 30597
50 50 31335
50 50 30746
50 50 30835
50 50 31298
50 50 31084
50 50 30507
50 50 30487
50 50 30391
50 50 30406
50 50 30492
50 50 30430
50 50 30590
50 50 30507
50 50 31032
50 50 30730
50 50 30481
50 50 30750
50 50 30658
50 50 30678
50 50 30565
50 50 30408
50 50 30440
50 50 30361
50 50 30580
50 50 31137
50 50 30671
50 50 30399
50 50 30381
50 50 30554
50 50 30426
50 50 30454
50 50 30459
50 50 30433
50 50 30420
50 50 30429
50 50 30558
50 50 30713
50 50 30516
50 50 30502
50 50 30494
50 50 30535
50 50 30440
50 50 30645
50 50 30451
50 50 30577
50 50 30431
50 50 30513
50 50 30577
50 50 30519
50 50 30479
50 50 30411
50 50 30347
50 50 30566
50 50 30521
50 50 30516
50 50 30497
50 50 30600
50 50 30534
50 50 30512
50 50 30659
50 50 30831
50 50 31038
50 50 31137
50 50 31204
50 50 31077
50 50 30791
50 50 30679
50 50 30729
50 50 30554
50 50 30530
50 50 30525
50 50 30556
50 50 30516
50 50 31151
50 50 30836
50 50 30953
50 50 31081
50 50 30533
50 50 30569
50 50 30588
50 50 30560
50 50 30639
50 50 30544
50 50 30395
50 50 30578
50 50 30465
50 50 30493
50 50 30563
50 50 30554
50 50 30524
50 50 30581
50 50 30531
50 50 30914
50 50 30982
50 50 31015
50 50 30823
50 50 31038
50 50 31121
50 50 30711
50 50 30615
50 50 30796
50 50 30821
50 50 31284
50 50 30729
50 50 30750
50 50 30647
50 50 30678
50 50 30826
50 50 30799
50 50 30978
50 50 31368
50 50 31100
50 50 31169
50 50 30908
50 50 30705
50 50 30731
50 50 30812
50 50 30679
50 50 30871
50 50 30861
50 50 30573
50 50 30710
50 50 31312
50 50 31084
50 50 30609
50 50 30762
50 50 30574
50 50 31666
50 50 31721
50 50 31609
50 50 31425
50 50 30630
50 50 30825
50 50 31083
50 50 30926
50 50 30777
50 50 30583
50 50 30724
50 50 30888
50 50 30704
50 50 30697
50 50 30674
50 50 30711
50 50 30681
50 50 30858
50 50 31338
50 50 30696
50 50 30989
50 50 30542
50 50 30717
50 50 30522
50 50 30650
50 50 30692
50 50 30674
50 50 30808
50 50 30573
50 50 30631
50 50 30624
50 50 30650
50 50 30758
50 50 30752
50 50 30774
50 50 30541
50 50 30398
50 50 30539
50 50 30598
50 50 30649
50 50 30488
50 50 31159
50 50 31259
50 50 30991
50 50 30526
50 50 30520
50 50 30631
50 50 30499
50 50 30485
50 50 30512
50 50 30494
50 50 30472
50 50 30438
50 50 30608
50 50 30525
50 50 30449
50 50 30454
50 50 30660
50 50 30460
50 50 30395
50 50 30451
50 50 30416
50 50 30363
50 50 30492
50 50 30447
50 50 30384
50 50 30493
50 50 30483
50 50 30496
50 50 30473
50 50 30596
50 50 30437
50 50 30712
50 50 30359
50 50 30426
50 50 30452
50 50 30467
50 50 31122
50 50 30609
50 50 30569
50 50 30657
50 50 30915
50 50 30462
50 50 30895
50 50 31030
50 50 30706
50 50 30685
50 50 30665
50 50 30806
50 50 30762
50 50 30759
50 50 30641
50 50 30682
50 50 30711
50 50 30594
50 50 30523
50 50 30556
50 50 30737
50 50 30519
50 50 30569
50 50 30641
50 50 30473
50 50 30642
50 50 30538
50 50 30684
50 50 30492
50 50 31298
50 50 31205
50 50 30575
50 50 30597
50 50 30593
50 50 30643
50 50 30551
50 50 31564
50 50 31430
50 50 31231
50 50 30539
50 50 31302
50 50 31487
50 50 30714
50 50 30727
50 50 30645
50 50 30688
50 50 30788
50 50 30806
50 50 30674
50 50 30799
50 50 30825
50 50 30824
50 50 30761
50 50 30764
50 50 30626
50 50 30812
50 50 30752
50 50 30830
50 50 30714
50 50 31026
50 50 30655
50 50 30614
50 50 30517
50 50 31619
50 50 31345
50 50 30659
50 50 30929
50 50 30954
50 50 30689
50 50 30646
50 50 30662
50 50 30636
50 50 30556
50 50 30736
50 50 30559
50 50 30627
50 50 30533
50 50 30621
50 50 30618
50 50 30483
50 50 30567
50 50 30720
50 50 30690
50 50 30610
50 50 30553
50 50 30553
50 50 30586
50 50 30918
50 50 31320
50 50 31385
50 50 30914
50 50 30768
50 50 30809
50 50 30677
50 50 30640
50 50 30814
50 50 30715
50 50 30775
50 50 31108
50 50 30540
50 50 30491
50 50 30655
50 50 30672
50 50 30752
50 50 30807
50 50 31143
50 50 31116
50 50 30772
50 50 30779
50 50 30777
50 50 30719
50 50 30690
50 50 30691
50 50 30677
50 50 30575
50 50 30587
50 50 30776
50 50 30632
50 50 30534
50 50 30548
50 50 30734
50 50 30655
50 50 30546
50 50 30524
50 50 30558
50 50 30534
50 50 30455
50 50 30618
50 50 30511
50 50 30526
50 50 30558
50 50 30562
50 50 30584
50 50 30619
50 50 30629
50 50 30568
50 50 30595
50 50 30713
50 50 30643
50 50 30441
50 50 30674
50 50 30552
50 50 30639
50 50 30528
50 50 30659
50 50 30563
50 50 30523
50 50 30541
50 50 30488
50 50 30479
50 50 30574
50 50 30606
50 50 30566
50 50 30573
50 50 30584
50 50 30567
50 50 30529
50 50 30502
50 50 30575
50 50 30601
50 50 30491
50 50 30530
50 50 30599
50 50 30626
50 50 30761
50 50 31893
50 50 31152
50 50 30715
50 50 31313
50 50 31717
50 50 31129
50 50 30669
50 50 30588
50 50 30340
50 50 30442
50 50 30394
50 50 30661
50 50 30414
50 50 30565
50 50 32152
50 50 31821
50 50 31397
50 50 31829
50 50 32213
50 50 31663
50 50 31646
50 50 31988
50 50 31693
50 50 31976
50 50 31879
50 50 31239
50 50 32046
50 50 31957
50 50 31629
50 50 30901
50 50 30602
50 50 30656
50 50 30557
50 50 30443
50 50 30507
50 50 30617
50 50 30541
50 50 30596
50 50 31227
50 50 31314
50 50 30848
50 50 30701
50 50 30860
50 50 30697
50 50 30729
50 50 30668
50 50 30782
50 50 31477
50 50 31524
50 50 31299
50 50 30885
50 50 31148
50 50 31119
50 50 31026
50 50 31076
50 50 30604
50 50 30600
50 50 30588
50 50 30787
50 50 30777
50 50 30704
50 50 30767
50 50 30704
50 50 30649
50 50 30727
50 50 30553
50 50 30492
50 50 30553
50 50 30557
50 50 30623
50 50 30796
50 50 31274
50 50 31341
50 50 31075
50 50 31382
50 50 30526
50 50 31193
50 50 30863
50 50 30853
50 50 30656
50 50 30416
50 50 30415
50 50 30495
50 50 30925
50 50 31053
50 50 30805
50 50 30731
50 50 30610
50 50 30909
50 50 30912
50 50 30882
50 50 30917
50 50 30554
50 50 30465
50 50 30664
50 50 30805
50 50 31019
50 50 31133
50 50 30490
50 50 30631
50 50 30482
50 50 30523
50 50 30628
50 50 30776
50 50 30635
50 50 30866
50 50 32116
50 50 31688
50 50 31167
50 50 31346
50 50 31529
50 50 31416
50 50 31025
50 50 31162
50 50 30541
50 50 30619
50 50 30646
50 50 30663
50 50 31323
50 50 31646
50 50 30771
50 50 30864
50 50 30991
50 50 31239
50 50 31178
50 50 30787
50 50 30789
50 50 31627
50 50 31609
50 50 31803
50 50 31288
50 50 30997
50 50 30672
50 50 30590
50 50 30881
50 50 30713
50 50 31124
50 50 31180
50 50 30367
50 50 30507
50 50 30503
50 50 30480
50 50 30483
50 50 30921
50 50 31035
50 50 30907
50 50 31439
50 50 31524
50 50 30832
50 50 30736
50 50 30474
50 50 30473
50 50 30549
50 50 30546
50 50 30307
50 50 31160
50 50 30858
50 50 31104
50 50 31252
50 50 31502
50 50 31861
50 50 31113
50 50 30894
50 50 30868
50 50 30495
50 50 30367
50 50 30700
50 50 30616
50 50 30451
50 50 30627
50 50 30655
50 50 30532
50 50 30545
50 50 30549
50 50 30399
50 50 30406
50 50 30391
50 50 30502
50 50 30937
50 50 30581
50 50 30547
50 50 30792
50 50 31097
50 50 31270
50 50 30375
50 50 30727
50 50 30987
50 50 31899
50 50 31044
50 50 30900
50 50 31879
50 50 31674
50 50 31605
50 50 30552
50 50 30599
50 50 30951
50 50 31865
50 50 31167
50 50 30851
50 50 30733
50 50 30869
50 50 30591
50 50 30745
50 50 31258
50 50 31412
50 50 31117
50 50 30861
50 50 30855
50 50 30794
50 50 30553
50 50 30714
50 50 30882
50 50 30650
50 50 30692
50 50 31539
50 50 31418
50 50 31139
50 50 30813
50 50 30779
50 50 31015
50 50 30845
50 50 30902
50 50 30665
50 50 30777
50 50 30620
50 50 30613
50 50 30716
50 50 30719
50 50 30521
50 50 30465
50 50 30470
50 50 30534
50 50 30587
50 50 30620
50 50 30597
50 50 30608
50 50 30554
50 50 30569
50 50 30573
50 50 30559
50 50 30602
50 50 30563
50 50 30534
50 50 30534
50 50 30719
50 50 30621
50 50 30676
50 50 30994
50 50 31201
50 50 31379
50 50 31404
50 50 31165
50 50 30877
50 50 30671
50 50 30845
50 50 31481
50 50 31295
50 50 31187
50 50 31079
50 50 31028
50 50 30738
50 50 30555
50 50 30883
50 50 30754
50 50 30939
50 50 31039
50 50 31209
50 50 31256
50 50 30774
50 50 31206
50 50 30934
50 50 30796
50 50 30620
50 50 31037
50 50 30734
50 50 30757
50 50 30641
50 50 30731
50 50 30608
50 50 30800
50 50 30807
50 50 30677
50 50 30503
50 50 30719
50 50 30607
50 50 30475
50 50 30555
50 50 30698
50 50 30694
50 50 30637
50 50 30595
50 50 30612
50 50 30760
50 50 30515
50 50 30736
50 50 30574
50 50 30675
50 50 30770
50 50 31497
50 50 31291
50 50 30366
50 50 30595
50 50 30457
50 50 30426
50 50 30475
50 50 30388
50 50 30474
50 50 30757
50 50 30472
50 50 30541
50 50 30966
50 50 30764
50 50 31142
50 50 31985
50 50 32169
50 50 31657
50 50 31364
50 50 31914
50 50 31615
50 50 30856
50 50 30682
50 50 30874
50 50 31175
50 50 31027
50 50 31663
50 50 31335
50 50 31135
50 50 30471
50 50 30476
50 50 30489
50 50 30595
50 50 30404
50 50 30608
50 50 30455
50 50 30620
50 50 30550
50 50 30555
50 50 30456
50 50 30560
50 50 30485
50 50 30652
50 50 30623
50 50 30791
50 50 30617
50 50 30731
50 50 30646
50 50 30801
50 50 30710
50 50 30549
50 50 30769
50 50 30980
50 50 30900
50 50 30880
50 50 30873
50 50 30738
50 50 30653
50 50 30665
50 50 30629
50 50 31342
50 50 31128
50 50 30908
50 50 30617
50 50 30620
50 50 30687
50 50 30828
50 50 30664
50 50 30777
50 50 30679
50 50 30558
50 50 30615
50 50 30480
50 50 30536
50 50 30495
50 50 30493
50 50 30467
50 50 30718
50 50 30698
50 50 30616
50 50 30570
50 50 30583
50 50 30596
50 50 30614
50 50 30591
50 50 30593
50 50 30599
50 50 30612
50 50 30564
50 50 30617
50 50 30609
50 50 30649
50 50 30575
50 50 31429
50 50 30961
50 50 30678
50 50 30876
50 50 30867
50 50 30705
50 50 30843
50 50 30792
50 50 30928
50 50 30783
50 50 30603
50 50 30581
50 50 30999
50 50 30674
50 50 30872
50 50 31617
50 50 31096
50 50 31313
50 50 31401
50 50 31332
50 50 30759
50 50 30914
50 50 30730
50 50 30616
50 50 30771
50 50 30668
50 50 30569
50 50 30503
50 50 30554
50 50 30590
50 50 30565
50 50 30565
50 50 30468
50 50 30558
50 50 30567
50 50 30589
50 50 30593
50 50 30579
50 50 30592
50 50 30558
50 50 30654
50 50 30546
50 50 30567
50 50 30552
50 50 30551
50 50 30511
50 50 30534
50 50 30582
50 50 30660
50 50 30612
50 50 31201
50 50 30904
50 50 30799
50 50 30780
50 50 30764
50 50 30701
50 50 30740
50 50 30722
50 50 30673
50 50 30781
50 50 30701
50 50 30820
50 50 30751
50 50 30712
50 50 30721
50 50 30875
50 50 30725
50 50 30808
50 50 30932
50 50 30844
50 50 30993
50 50 30745
50 50 30591
50 50 30559
50 50 30558
50 50 30605
50 50 30727
50 50 30598
50 50 30665
50 50 30577
50 50 30731
50 50 30599
50 50 30561
50 50 30633
50 50 30542
50 50 31202
50 50 30961
50 50 31054
50 50 30726
50 50 30944
50 50 32011
50 50 31627
50 50 31712
50 50 31331
50 50 31259
50 50 31749
50 50 31448
50 50 31453
50 50 31191
50 50 31447
50 50 30645
50 50 30577
50 50 30498
50 50 30451
50 50 30441
50 50 30480
50 50 30372
50 50 30433
50 50 30372
50 50 30440
50 50 30415
50 50 30461
50 50 30412
50 50 30471
50 50 30441
50 50 31331
50 50 30929
50 50 30434
50 50 30483
50 50 30732
50 50 30694
50 50 30551
50 50 31493
50 50 31080
50 50 30740
50 50 30704
50 50 32094
50 50 31098
50 50 30460
50 50 30743
50 50 30840
50 50 30809
50 50 31741
50 50 31128
50 50 31142
50 50 30457
50 50 30594
50 50 30585
50 50 30469
50 50 30481
50 50 30626
50 50 30793
50 50 30746
50 50 30382
50 50 30671
50 50 30652
50 50 30500
50 50 30538
50 50 30618
50 50 30424
50 50 30574
50 50 30603
50 50 30662
50 50 30685
50 50 30661
50 50 30781
50 50 30766
50 50 30706
50 50 30704
50 50 30495
50 50 30497
50 50 30523
50 50 30349
50 50 30509
50 50 30466
50 50 30655
50 50 30470
50 50 30558
50 50 30577
50 50 30512
50 50 30587
50 50 30508
50 50 30623
50 50 30690
50 50 30658
50 50 30499
50 50 30621
50 50 30551
50 50 30731
50 50 30668
50 50 30578
50 50 30677
50 50 30763
50 50 30522
50 50 30721
50 50 30760
50 50 30850
50 50 31067
50 50 30741
50 50 31395
50 50 31551
50 50 31585
50 50 31270
50 50 31244
50 50 31149
50 50 31149
50 50 31388
50 50 31345
50 50 31603
50 50 31384
50 50 31170
50 50 30764
50 50 30772
50 50 30769
50 50 30938
50 50 31444
50 50 31014
50 50 31371
50 50 30719
50 50 30572
50 50 30560
50 50 30336
50 50 30421
50 50 30385
50 50 30739
50 50 30397
50 50 30436
50 50 30497
50 50 30482
50 50 30464
50 50 30429
50 50 31290
50 50 31728
50 50 30790
50 50 31178
50 50 30561
50 50 30962
50 50 30754
50 50 30663
50 50 30506
50 50 30608
50 50 30608
50 50 30533
50 50 30758
50 50 30684
50 50 30618
50 50 30582
50 50 30677
50 50 30597
50 50 30568
50 50 30719
50 50 31014
50 50 30922
50 50 31032
50 50 30759
50 50 31345
50 50 30879
50 50 31201
50 50 31206
50 50 31130
50 50 31350
50 50 31090
50 50 31550
50 50 31463
50 50 30732
50 50 30552
50 50 30536
50 50 30502
50 50 30662
50 50 30639
50 50 30590
50 50 30892
50 50 30555
50 50 31177
50 50 30888
50 50 30959
50 50 30821
50 50 30518
50 50 30740
50 50 30804
50 50 30530
50 50 30372
50 50 30539
50 50 30644
50 50 30500
50 50 31278
50 50 31592
50 50 30822
50 50 30902
50 50 31261
50 50 31541
50 50 31342
50 50 31323
50 50 30850
50 50 31680
50 50 31287
50 50 30678
50 50 30589
50 50 30997
50 50 30727
50 50 30628
50 50 30905
50 50 31145
50 50 30432
50 50 30787
50 50 31027
50 50 30605
50 50 30337
50 50 30671
50 50 30596
50 50 30719
50 50 31052
50 50 30875
50 50 30481
50 50 30473
50 50 30429
50 50 30777
50 50 30889
50 50 30642
50 50 31379
50 50 30861
50 50 30507
50 50 30509
50 50 30738
50 50 30458
50 50 30500
50 50 30460
50 50 30493
50 50 30581
50 50 30609
50 50 31193
50 50 30629
50 50 30396
50 50 30573
50 50 30503
50 50 30537
50 50 30670
50 50 31361
50 50 31000
50 50 30539
50 50 30488
50 50 30602
50 50 30646
50 50 30557
50 50 30476
50 50 30430
50 50 30447
50 50 30480
50 50 30424
50 50 30508
50 50 30466
50 50 30419
50 50 30536
50 50 30433
50 50 30398
50 50 30455
50 50 30465
50 50 30436
50 50 30406
50 50 30536
50 50 30407
50 50 30646
50 50 30690
50 50 30730
50 50 31303
50 50 31148
50 50 30717
50 50 31555
50 50 30807
50 50 30854
50 50 31471
50 50 31189
50 50 31052
50 50 30683
50 50 30506
50 50 30411
50 50 30739
50 50 31083
50 50 31023
50 50 30450
50 50 30417
50 50 31005
50 50 31001
50 50 31080
50 50 30699
50 50 30815
50 50 31078
50 50 30629
50 50 31325
50 50 30533
50 50 30454
50 50 30385
50 50 30660
50 50 31454
50 50 31857
50 50 31057
50 50 30395
50 50 30459
50 50 30483
50 50 30534
50 50 30535
50 50 30422
50 50 30351
50 50 30468
50 50 30481
50 50 30597
50 50 30416
50 50 30597
50 50 30453
50 50 31117
50 50 31886
50 50 31764
50 50 31779
50 50 31247
50 50 30749
50 50 30660
50 50 30704
50 50 30876
50 50 31311
50 50 31239
50 50 30725
50 50 31404
50 50 31046
50 50 30820
50 50 31209
50 50 31035
50 50 31216
50 50 31495
50 50 31447
50 50 31035
50 50 30724
50 50 31582
50 50 30848
50 50 30826
50 50 30931
50 50 30896
50 50 30514
50 50 30594
50 50 31017
50 50 30462
50 50 30723
50 50 30386
50 50 30607
50 50 31571
50 50 30858
50 50 30856
50 50 30650
50 50 30510
50 50 30409
50 50 30505
50 50 30388
50 50 30452
50 50 30424
50 50 30489
50 50 30995
50 50 30516
50 50 30335
50 50 30449
50 50 30633
50 50 30699
50 50 30788
50 50 30503
50 50 30614
50 50 30509
50 50 30765
50 50 30714
50 50 31053
50 50 30460
50 50 30421
50 50 30797
50 50 31111
50 50 31382
50 50 31424
50 50 30614
50 50 30730
50 50 30660
50 50 30788
50 50 30666
50 50 30524
50 50 30731
50 50 30521
50 50 30542
50 50 30579
50 50 30668
50 50 30598
50 50 30674
50 50 30735
50 50 30813
50 50 30488
50 50 30688
50 50 30645
50 50 30529
50 50 30548
50 50 30354
50 50 30598
50 50 30556
50 50 30434
50 50 30400
50 50 30533
50 50 30437
50 50 31050
50 50 31873
50 50 30738
50 50 31181
50 50 31948
50 50 31906
50 50 31495
50 50 31426
50 50 30822
50 50 30858
50 50 31007
50 50 30959
50 50 30541
50 50 31356
50 50 31175
50 50 31210
50 50 31674
50 50 30846
50 50 30650
50 50 31146
50 50 30662
50 50 30420
50 50 30561
50 50 30485
50 50 30890
50 50 31211
50 50 30712
50 50 30716
50 50 30618
50 50 31376
50 50 31538
50 50 31279
50 50 30861
50 50 31105
50 50 30964
50 50 31516
50 50 31100
50 50 30618
50 50 31294
50 50 31209
50 50 30585
50 50 30714
50 50 30497
50 50 30621
50 50 30783
50 50 30641
50 50 31414
50 50 31575
50 50 30966
50 50 30598
50 50 30807
50 50 31262
50 50 31369
50 50 31231
50 50 30889
50 50 30616
50 50 31541
50 50 31873
50 50 31326
50 50 31175
50 50 30600
50 50 30474
50 50 30461
50 50 30758
50 50 31187
50 50 31201
50 50 30520
50 50 30703
50 50 30452
50 50 30397
50 50 30463
50 50 30386
50 50 31576
50 50 31052
50 50 30464
50 50 30615
50 50 31018
50 50 31304
50 50 31238
50 50 31116
50 50 31099
50 50 30717
50 50 30656
50 50 30465
50 50 31007
50 50 30402
50 50 30831
50 50 31567
50 50 30847
50 50 31419
50 50 30748
50 50 30725
50 50 30548
50 50 30778
50 50 30684
50 50 30911
50 50 30812
50 50 31255
50 50 31188
50 50 31312
50 50 31423
50 50 30749
50 50 30717
50 50 30651
50 50 30648
50 50 31408
50 50 30913
50 50 30466
50 50 30483
50 50 30530
50 50 31197
50 50 31440
50 50 30634
50 50 30579
50 50 30738
50 50 30561
50 50 30611
50 50 30751
50 50 30807
50 50 30708
50 50 30698
50 50 30678
50 50 30762
50 50 31339
50 50 30574
50 50 31189
50 50 30931
50 50 30596
50 50 30890
50 50 31305
50 50 30920
50 50 30786
50 50 31836
50 50 31978
50 50 31345
50 50 30695
50 50 30603
50 50 30685
50 50 30603
50 50 30581
50 50 30441
50 50 30676
50 50 31634
50 50 31396
50 50 32015
50 50 31499
50 50 30867
50 50 30956
50 50 31180
50 50 30873
50 50 31593
50 50 31633
50 50 31051
50 50 31361
50 50 31256
50 50 31061
50 50 30804
50 50 31158
50 50 30530
50 50 30733
50 50 30967
50 50 31671
50 50 31832
50 50 30971
50 50 30312
50 50 30464
50 50 30421
50 50 31171
50 50 31146
50 50 31068
50 50 30831
50 50 30650
50 50 31117
50 50 31499
50 50 30636
50 50 31240
50 50 31821
50 50 31285
50 50 31319
50 50 31737
50 50 31047
50 50 30474
50 50 30403
50 50 30451
50 50 30825
50 50 31368
50 50 31281
50 50 30571
