1 1 1
2 2 3
3 3 10
4 4 25
5 5 53
6 6 83
7 7 70
8 8 106
9 9 153
10 10 214
11 11 286
12 12 385
13 13 491
14 14 628
15 15 760
16 16 947
17 17 1145
18 18 1364
19 19 1589
20 20 1888
21 21 2170
22 22 2559
23 23 2900
24 24 3381
25 25 3697
26 26 4310
27 27 4802
28 28 5357
29 29 5934
30 30 6643
31 31 7342
32 32 8054
33 33 9089
34 34 9860
35 35 10690
36 36 11506
37 37 12637
38 38 13599
39 39 14793
40 40 16021
41 41 17269
42 42 18489
43 43 19973
44 44 21418
45 45 22811
46 46 24438
47 47 26061
48 48 27840
49 49 29571
50 50 31481
51 51 33502
52 52 35522
53 53 37963
54 54 40284
55 55 42485
56 56 44801
57 57 47075
58 58 49717
59 59 52227
60 60 56320
61 61 59118
62 62 60887
63 63 63728
64 64 66946
65 65 69831
66 66 73513
67 67 76990
68 68 79552
69 69 83658
70 70 86785
71 71 92773
72 72 94857
73 73 98696
74 74 102389
75 75 106454
76 76 110844
77 77 116765
78 78 120805
79 79 124712
80 80 129710
81 81 134533
82 82 140010
83 83 147375
84 84 150302
85 85 156004
86 86 162104
87 87 167898
88 88 172809
89 89 179498
90 90 184817
91 91 190781
92 92 197917
93 93 204501
94 94 210977
95 95 218156
96 96 226011
97 97 232940
98 98 242532
99 99 248987
100 100 257459
101 101 263243
102 102 271842
103 103 277462
104 104 285745
105 105 294652
106 106 304019
107 107 314245
108 108 321400
109 109 329469
110 110 348186
111 111 356517
112 112 357235
113 113 366872
114 114 378798
115 115 388465
116 116 397272
117 117 408647
118 118 420184
119 119 430068
120 120 438638
121 121 450686
122 122 462002
123 123 475403
124 124 487597
125 125 502616
126 126 514318
127 127 527614
128 128 535128
129 129 545867
130 130 560797
131 131 569424
132 132 585416
133 133 595075
134 134 609495
135 135 625216
136 136 645882
137 137 654627
138 138 672494
139 139 688155
140 140 698317
141 141 713588
142 142 731654
143 143 752175
144 144 764447
145 145 785911
146 146 791370
147 147 809610
148 148 824415
149 149 845405
150 150 864287
151 151 889081
152 152 903160
153 153 917792
154 154 936010
155 155 951735
156 156 971531
157 157 993428
158 158 1008899
159 159 1028360
160 160 1057083
161 161 1070450
162 162 1100294
163 163 1114019
164 164 1130071
165 165 1147103
166 166 1172404
167 167 1196002
168 168 1227166
169 169 1243919
170 170 1266273
171 171 1290928
172 172 1313805
173 173 1369428
174 174 1369089
175 175 1400690
176 176 1396509
177 177 1415004
178 178 1442619
179 179 1512920
180 180 1520369
181 181 1554611
182 182 1569256
183 183 1611924
184 184 1644420
185 185 1678841
186 186 1703787
187 187 1727752
188 188 1755562
189 189 1783023
190 190 1800934
191 191 1829195
192 192 1849057
193 193 1874928
194 194 1898797
195 195 1940580
196 196 1964088
197 197 2033063
198 198 2020246
199 199 2022816
200 200 2049879
201 201 2065715
202 202 2097405
203 203 2129398
204 204 2163387
205 205 2195151
206 206 2224205
207 207 2254428
208 208 2287985
209 209 2318989
210 210 2355467
211 211 2385293
212 212 2420136
213 213 2455641
214 214 2490795
215 215 2526301
216 216 2558954
217 217 2593222
218 218 2631902
219 219 2665875
220 220 2703944
221 221 2740280
222 222 2802131
223 223 518311452
224 224 2881951
225 225 2900496
226 226 2939156
227 227 2978737
228 228 3019064
229 229 3059245
230 230 3099185
231 231 3138528
232 232 3176783
233 233 3225375
234 234 3294997
235 235 3329257
236 236 3358128
237 237 3444056
238 238 3480634
239 239 3519544
240 240 3541464
241 241 3595755
242 242 3622885
243 243 3675333
244 244 3737607
245 245 3832469
246 246 3916813
247 247 3909568
248 248 3967224
249 249 3992105
250 250 4054196
251 251 4093072
252 252 4240269
253 253 4231522
254 254 4273503
255 255 4318407
256 256 4368817
257 257 4421028
258 258 4477278
259 259 4539381
260 260 4574043
261 261 4636660
262 262 4710818
263 263 4745717
264 264 4797320
265 265 4861583
266 266 4933230
267 267 4969872
268 268 5037320
269 269 5103622
270 270 5190707
271 271 5246161
272 272 5313058
273 273 5389356
274 274 5421907
275 275 5462676
276 276 5484263
277 277 5600953
278 278 5596127
279 279 5668586
280 280 5716878
281 281 5744434
282 282 5752805
283 283 5818954
284 284 5880141
285 285 5947256
286 286 6011033
287 287 6155261
288 288 6212879
289 289 6277956
290 290 6346107
291 291 6398262
