1 1 0
1 1 0
3 2 2
3 2 3
3 3 4
6 6 42
5 2 9
3 1 1
3 3 3
3 1 1
10 6 129
7 3 30
2 1 0
7 7 68
9 7 117
11 8 209
5 2 8
15 3 151
18 11 808
12 11 339
9 4 70
19 9 742
7 5 46
4 3 7
2 2 1
3 3 3
4 3 7
22 17 1931
20 16 1479
7 3 27
30 19 4077
21 6 601
12 12 369
24 18 2440
19 12 982
32 19 4652
21 4 403
26 2 318
4 1 2
13 12 437
29 17 3416
5 5 20
39 22 8071
30 18 3907
11 5 127
30 21 4511
25 25 3643
11 8 201
15 14 692
2 1 0
49 2 1171
17 12 774
47 40 21596
44 40 18970
13 4 159
41 5 2073
18 11 815
40 8 3120
15 5 250
27 20 3410
59 23 19962
39 12 4435
17 6 390
62 56 53311
31 24 5604
35 14 4143
41 31 12737
66 59 63375
53 41 28407
43 13 5871
61 55 50540
10 8 167
44 17 8081
66 60 64867
47 26 14731
54 14 10299
11 11 287
76 75 107545
2 2 1
2 1 0
20 6 576
43 16 7335
19 15 1257
76 20 28367
56 50 38715
33 9 2404
86 15 27711
12 2 68
8 7 89
28 7 1341
28 26 4877
5 1 4
81 8 12916
25 22 3244
57 30 24036
57 26 20836
2 1 0
90 1 2046
91 28 57485
28 2 379
9 8 130
8 4 49
60 28 25093
19 16 1347
103 24 63552
86 5 9332
14 1 44
95 32 71616
52 15 9932
30 13 2800
60 1 894
51 41 26259
64 36 36503
96 15 34394
1 1 0
21 9 931
43 26 11677
1 1 0
112 9 28029
26 4 634
32 28 6920
99 52 128233
86 42 77323
104 90 240476
92 43 89857
79 36 55214
16 8 457
31 8 1853
11 8 202
84 70 121117
7 4 38
43 24 11104
70 23 28561
96 9 20500
29 10 2044
133 55 240803
128 45 181344
136 2 9254
41 6 2431
121 11 39930
135 79 358246
125 114 441707
54 18 12907
44 30 14124
13 5 185
74 22 29511
105 55 150215
107 38 107768
122 10 37810
20 3 283
126 99 388743
82 39 64359
4 3 7
131 92 390914
56 18 13966
145 107 556252
10 9 186
90 47 92975
16 7 407
139 7 34144
29 21 4212
22 10 1118
154 76 448200
80 13 20873
88 56 107287
96 58 132424
20 7 671
5 1 5
121 115 418075
61 17 15605
95 45 100229
72 51 65134
75 75 103938
164 110 729717
154 87 509868
40 1 389
77 27 40573
49 4 2389
155 55 328246
109 16 47240
45 34 16776
63 39 38973
53 32 22124
63 59 57729
74 51 68167
75 28 38366
77 24 34734
72 49 61950
10 8 164
59 56 47775
179 23 182920
177 41 325953
123 57 217784
79 31 48297
61 46 42309
131 86 364102
194 138 1294340
163 6 39308
166 27 185379
193 172 1596480
3 3 4
134 103 456488
134 106 470309
199 182 1802207
117 36 124075
143 84 426906
119 117 411389
33 33 8638
181 123 1006692
194 179 1677142
70 49 58663
138 120 561864
60 40 35269
154 112 655372
58 57 47420
83 54 90840
27 24 4116
3 3 3
63 39 38002
149 41 224307
199 146 1438623
218 31 370591
140 127 616828
95 58 129341
199 12 118242
80 69 108695
28 23 4306
191 188 1713460
185 87 745145
87 34 63686
79 29 44119
150 142 801349
100 6 15046
70 12 14290
68 49 55557
202 173 1763756
177 145 1135770
192 34 311052
137 19 87652
185 72 612857
197 164 1584737
27 19 3256
229 140 1840428
202 162 1653186
162 27 175594
136 39 179423
184 75 634362
10 1 22
26 4 661
124 103 393073
239 54 775080
202 91 925472
157 69 422997
205 32 334399
246 110 1663557
182 166 1383807
83 49 84045
239 53 760536
199 71 708782
43 1 450
257 252 4153058
149 134 739824
102 62 160071
87 61 113525
241 170 2480822
243 213 3156861
37 23 7638
255 231 3830226
179 129 1045087
220 9 112145
113 14 45793
73 34 44810
27 22 3800
8 3 37
67 20 22275
14 3 140
49 45 26647
86 78 142422
11 5 127
216 5 58609
121 57 207430
175 5 38044
224 196 2440501
165 37 248786
183 68 567799
70 38 45553
42 32 13708
232 168 2305972
236 81 1144059
131 78 341289
232 142 1928635
125 26 103078
238 138 1990031
111 88 273392
21 4 418
273 240 4596404
217 34 409308
97 24 56959
211 42 476413
210 190 2147952
12 6 196
2 1 0
87 30 58281
145 89 476247
16 3 177
192 94 879384
45 36 18528
136 132 619232
33 14 3761
45 33 16678
205 132 1420809
78 6 9197
168 55 400263
163 7 46993
253 70 1136738
95 33 75640
153 24 141567
153 140 829516
9 8 138
12 10 320
199 161 1617671
281 40 803960
282 90 1824145
32 11 2679
163 163 1089147
131 49 210584
145 41 218034
77 49 72561
67 58 65847
225 102 1313782
163 101 674543
303 137 3222566
268 38 704994
217 19 227211
30 23 5209
124 57 224525
288 85 1784269
114 19 61231
97 3 7002
123 52 195247
322 130 3363077
105 33 89554
66 35 37031
73 57 73605
245 217 3223242
57 25 19817
109 32 93656
283 128 2537980
214 25 284615
11 6 152
205 92 955311
100 98 240706
196 150 1424544
17 15 979
104 22 58538
162 104 670586
137 115 529608
67 62 67545
119 65 225910
316 136 3370623
315 269 6614841
290 276 5740880
243 155 2273715
161 80 509455
111 88 265828
55 13 9629
187 54 467903
285 162 3250058
219 2 23945
215 116 1325217
144 110 560732
203 203 2064435
237 209 2904160
366 334 11096667
112 91 279894
135 66 295155
67 66 71575
89 32 61904
45 23 11274
245 158 2349567
104 90 239090
364 92 518514403
147 92 488787
81 10 15953
365 80 2644891
164 161 1065651
238 224 3133822
293 82 1739625
103 96 249886
238 1 14356
197 159 1523355
137 104 479179
39 36 13228
84 33 56675
135 92 411171
376 186 6512853
222 148 1802792
372 106 3635372
124 53 199617
31 8 1858
143 20 100153
267 39 688135
274 222 4115145
201 125 1247450
149 142 776776
181 75 619339
263 67 1160882
34 5 1401
55 11 8156
195 129 1222837
372 288 9976046
370 199 6825059
188 167 1461651
19 16 1322
177 170 1317442
338 90 2564590
347 18 538243
8 2 25
13 4 147
67 56 60903
403 137 5525934
134 80 352721
259 84 1403682
416 386 16830321
278 11 213414
17 15 974
69 12 13956
235 216 3005894
203 25 257520
237 40 561611
158 75 466468
314 46 1143700
258 242 4041014
419 285 12691715
130 47 199200
211 205 2286553
190 37 335759
276 121 2339233
117 96 330563
274 110 2079737
276 103 1977830
85 14 25953
195 30 288835
439 405 19810362
191 9 82261
262 154 2652668
336 310 8881819
398 77 3084171
23 22 2823
100 61 155403
198 141 1399379
297 77 1719549
54 52 37709
239 91 1315749
200 135 1356955
231 206 2780637
100 30 74434
440 65 3200712
62 51 50955
245 222 3386566
132 111 483924
174 173 1329197
79 65 100833
110 38 115208
100 69 172667
459 269 14425370
34 22 6203
30 11 2435
389 1 39122
261 76 1326060
147 73 400362
256 13 219210
9 4 69
337 301 8732260
317 43 1107215
465 74 4103219
140 98 486845
232 15 208111
133 81 367459
192 128 1208936
156 27 165944
213 32 374968
308 271 6592573
180 47 389276
24 5 685
2 1 0
456 448 23837813
130 28 119281
404 81 3358436
247 23 356947
57 29 23462
455 115 6043520
275 132 2502848
62 5 4840
59 4 3484
153 130 765376
48 44 24602
194 118 1102441
153 14 80803
73 57 74007
431 402 18651605
182 50 411435
354 274 8562864
267 242 4321487
491 137 8351095
75 74 103560
447 84 4232156
326 308 8280837
349 290 8911352
